<?xml version="1.0" encoding="UTF-8"?>
<!-- Generated by org.testng.reporters.JUnitXMLReporter -->
<testsuite hostname="egain1277" ignored="0" name="Default test" tests="3" failures="0" timestamp="08 Aug 2018 07:11:54 GMT" time="74.613" errors="0">
  <testcase name="verifyHomePageTitleTest" time="0.022" classname="com.crm.qa.testCases.HomePageTest"/>
  <testcase name="verifyLoggedinUserNameTest" time="0.193" classname="com.crm.qa.testCases.HomePageTest"/>
  <testcase name="verifyContactsLinkTest" time="2.02" classname="com.crm.qa.testCases.HomePageTest"/>
</testsuite> <!-- Default test -->
