<?xml version="1.0" encoding="UTF-8"?>
<!-- Generated by org.testng.reporters.JUnitXMLReporter -->
<testsuite hostname="egain1277" ignored="0" name="Test" tests="3" failures="0" timestamp="08 Aug 2018 12:10:54 GMT" time="59.845" errors="0">
  <testcase name="loginPageTitleTest" time="0.052" classname="com.crm.qa.testCases.LoginPageTest"/>
  <testcase name="CRMImageTest" time="0.058" classname="com.crm.qa.testCases.LoginPageTest"/>
  <testcase name="logInTest" time="13.049" classname="com.crm.qa.testCases.LoginPageTest"/>
</testsuite> <!-- Test -->
