<?xml version="1.0" encoding="UTF-8" ?>
<testsuite tests="13" failures="1" name="TestSuite" time="29.875" errors="0" skipped="5">
  <properties>
[...]
</properties>
  <testcase classname="com.crm.qa.testCases.HomePageTest" name="verifyHomePageTitleTest" time="0.011"/>
  <testcase classname="com.crm.qa.testCases.LoginPageTest" name="loginPageTitleTest" time="0.013"/>
  <testcase classname="com.crm.qa.testCases.ContactsPageTest" name="verifyCreateNewContactsTest" time="6.484"/>
  <testcase classname="com.crm.qa.testCases.ContactsPageTest" name="setUp" time="16.887">
    <failure message="unknown error: Element &lt;input type=&quot;submit&quot; value=&quot;Login&quot; class=&quot;btn btn-small&quot;&gt; is not clickable at point (1182, 117). Other element would receive the click: &lt;div id=&quot;preloader&quot; style=&quot;opacity: 1;&quot;&gt;...&lt;/div&gt;
  (Session info: chrome=69.0.3497.100)
  (Driver info: chromedriver=2.38.552522 (437e6fbedfa8762dec75e2c5b3ddb86763dc9dcb),platform=Windows NT 10.0.17134 x86_64) (WARNING: The server did not provide any stacktrace information)
Command duration or timeout: 0 milliseconds
Build info: version: &apos;3.13.0&apos;, revision: &apos;2f0d292&apos;, time: &apos;2018-06-25T15:24:21.231Z&apos;
System info: host: &apos;EGAIN1277&apos;, ip: &apos;10.10.52.79&apos;, os.name: &apos;Windows 8.1&apos;, os.arch: &apos;x86&apos;, os.version: &apos;6.3&apos;, java.version: &apos;1.8.0_45&apos;
Driver info: org.openqa.selenium.chrome.ChromeDriver
Capabilities {acceptInsecureCerts: false, acceptSslCerts: false, applicationCacheEnabled: false, browserConnectionEnabled: false, browserName: chrome, chrome: {chromedriverVersion: 2.38.552522 (437e6fbedfa876..., userDataDir: C:\Users\NCHOUR~1\AppData\L...}, cssSelectorsEnabled: true, databaseEnabled: false, handlesAlerts: true, hasTouchScreen: false, javascriptEnabled: true, locationContextEnabled: true, mobileEmulationEnabled: false, nativeEvents: true, networkConnectionEnabled: false, pageLoadStrategy: normal, platform: XP, platformName: XP, rotatable: false, setWindowRect: true, takesHeapSnapshot: true, takesScreenshot: true, unexpectedAlertBehaviour: , unhandledPromptBehavior: , version: 69.0.3497.100, webStorageEnabled: true}
Session ID: a9f9f550004882b48c5d0ea7ea4fdbf6" type="org.openqa.selenium.WebDriverException">org.openqa.selenium.WebDriverException: unknown error: Element &lt;input type=&quot;submit&quot; value=&quot;Login&quot; class=&quot;btn btn-small&quot;&gt; is not clickable at point (1182, 117). Other element would receive the click: &lt;div id=&quot;preloader&quot; style=&quot;opacity: 1;&quot;&gt;...&lt;/div&gt;
  (Session info: chrome=69.0.3497.100)
  (Driver info: chromedriver=2.38.552522 (437e6fbedfa8762dec75e2c5b3ddb86763dc9dcb),platform=Windows NT 10.0.17134 x86_64) (WARNING: The server did not provide any stacktrace information)
Command duration or timeout: 0 milliseconds
Build info: version: &apos;3.13.0&apos;, revision: &apos;2f0d292&apos;, time: &apos;2018-06-25T15:24:21.231Z&apos;
System info: host: &apos;EGAIN1277&apos;, ip: &apos;10.10.52.79&apos;, os.name: &apos;Windows 8.1&apos;, os.arch: &apos;x86&apos;, os.version: &apos;6.3&apos;, java.version: &apos;1.8.0_45&apos;
Driver info: org.openqa.selenium.chrome.ChromeDriver
Capabilities {acceptInsecureCerts: false, acceptSslCerts: false, applicationCacheEnabled: false, browserConnectionEnabled: false, browserName: chrome, chrome: {chromedriverVersion: 2.38.552522 (437e6fbedfa876..., userDataDir: C:\Users\NCHOUR~1\AppData\L...}, cssSelectorsEnabled: true, databaseEnabled: false, handlesAlerts: true, hasTouchScreen: false, javascriptEnabled: true, locationContextEnabled: true, mobileEmulationEnabled: false, nativeEvents: true, networkConnectionEnabled: false, pageLoadStrategy: normal, platform: XP, platformName: XP, rotatable: false, setWindowRect: true, takesHeapSnapshot: true, takesScreenshot: true, unexpectedAlertBehaviour: , unhandledPromptBehavior: , version: 69.0.3497.100, webStorageEnabled: true}
Session ID: a9f9f550004882b48c5d0ea7ea4fdbf6
	at sun.reflect.NativeConstructorAccessorImpl.newInstance0(Native Method)
	at sun.reflect.NativeConstructorAccessorImpl.newInstance(NativeConstructorAccessorImpl.java:62)
	at sun.reflect.DelegatingConstructorAccessorImpl.newInstance(DelegatingConstructorAccessorImpl.java:45)
	at java.lang.reflect.Constructor.newInstance(Constructor.java:422)
	at org.openqa.selenium.remote.ErrorHandler.createThrowable(ErrorHandler.java:214)
	at org.openqa.selenium.remote.ErrorHandler.throwIfResponseFailed(ErrorHandler.java:166)
	at org.openqa.selenium.remote.http.JsonHttpResponseCodec.reconstructValue(JsonHttpResponseCodec.java:40)
	at org.openqa.selenium.remote.http.AbstractHttpResponseCodec.decode(AbstractHttpResponseCodec.java:80)
	at org.openqa.selenium.remote.http.AbstractHttpResponseCodec.decode(AbstractHttpResponseCodec.java:44)
	at org.openqa.selenium.remote.HttpCommandExecutor.execute(HttpCommandExecutor.java:158)
	at org.openqa.selenium.remote.service.DriverCommandExecutor.execute(DriverCommandExecutor.java:83)
	at org.openqa.selenium.remote.RemoteWebDriver.execute(RemoteWebDriver.java:548)
	at org.openqa.selenium.remote.RemoteWebElement.execute(RemoteWebElement.java:276)
	at org.openqa.selenium.remote.RemoteWebElement.click(RemoteWebElement.java:83)
	at sun.reflect.NativeMethodAccessorImpl.invoke0(Native Method)
	at sun.reflect.NativeMethodAccessorImpl.invoke(NativeMethodAccessorImpl.java:62)
	at sun.reflect.DelegatingMethodAccessorImpl.invoke(DelegatingMethodAccessorImpl.java:43)
	at java.lang.reflect.Method.invoke(Method.java:497)
	at org.openqa.selenium.support.events.EventFiringWebDriver$EventFiringWebElement.lambda$new$0(EventFiringWebDriver.java:403)
	at org.openqa.selenium.support.events.EventFiringWebDriver$EventFiringWebElement$$Lambda$206/30423395.invoke(Unknown Source)
	at com.sun.proxy.$Proxy11.click(Unknown Source)
	at org.openqa.selenium.support.events.EventFiringWebDriver$EventFiringWebElement.click(EventFiringWebDriver.java:416)
	at sun.reflect.NativeMethodAccessorImpl.invoke0(Native Method)
	at sun.reflect.NativeMethodAccessorImpl.invoke(NativeMethodAccessorImpl.java:62)
	at sun.reflect.DelegatingMethodAccessorImpl.invoke(DelegatingMethodAccessorImpl.java:43)
	at java.lang.reflect.Method.invoke(Method.java:497)
	at org.openqa.selenium.support.pagefactory.internal.LocatingElementHandler.invoke(LocatingElementHandler.java:51)
	at com.sun.proxy.$Proxy10.click(Unknown Source)
	at com.crm.qa.pages.LoginPage.logIn(LoginPage.java:40)
	at com.crm.qa.testCases.ContactsPageTest.setUp(ContactsPageTest.java:34)
</failure>
    <system-out>Before navigating to: &apos;https://www.freecrm.com/&apos;
Navigated to:&apos;https://www.freecrm.com/&apos;
Trying to find Element By : By.xpath: //input[@name=&apos;username&apos;]
Found Element By : By.xpath: //input[@name=&apos;username&apos;]
Trying to find Element By : By.xpath: //input[@name=&apos;password&apos;]
Found Element By : By.xpath: //input[@name=&apos;password&apos;]
Trying to find Element By : By.xpath: //input[@value=&apos;Login&apos;]
Found Element By : By.xpath: //input[@value=&apos;Login&apos;]
Trying to click on: [[ChromeDriver: chrome on XP (a9f9f550004882b48c5d0ea7ea4fdbf6)] -&gt; xpath: //input[@value=&apos;Login&apos;]]
Exception occured: org.openqa.selenium.WebDriverException: unknown error: Element &lt;input type=&quot;submit&quot; value=&quot;Login&quot; class=&quot;btn btn-small&quot;&gt; is not clickable at point (1182, 117). Other element would receive the click: &lt;div id=&quot;preloader&quot; style=&quot;opacity: 1;&quot;&gt;...&lt;/div&gt;
  (Session info: chrome=69.0.3497.100)
  (Driver info: chromedriver=2.38.552522 (437e6fbedfa8762dec75e2c5b3ddb86763dc9dcb),platform=Windows NT 10.0.17134 x86_64) (WARNING: The server did not provide any stacktrace information)
Command duration or timeout: 0 milliseconds
Build info: version: &apos;3.13.0&apos;, revision: &apos;2f0d292&apos;, time: &apos;2018-06-25T15:24:21.231Z&apos;
System info: host: &apos;EGAIN1277&apos;, ip: &apos;10.10.52.79&apos;, os.name: &apos;Windows 8.1&apos;, os.arch: &apos;x86&apos;, os.version: &apos;6.3&apos;, java.version: &apos;1.8.0_45&apos;
Driver info: org.openqa.selenium.chrome.ChromeDriver
Capabilities {acceptInsecureCerts: false, acceptSslCerts: false, applicationCacheEnabled: false, browserConnectionEnabled: false, browserName: chrome, chrome: {chromedriverVersion: 2.38.552522 (437e6fbedfa876..., userDataDir: C:\Users\NCHOUR~1\AppData\L...}, cssSelectorsEnabled: true, databaseEnabled: false, handlesAlerts: true, hasTouchScreen: false, javascriptEnabled: true, locationContextEnabled: true, mobileEmulationEnabled: false, nativeEvents: true, networkConnectionEnabled: false, pageLoadStrategy: normal, platform: XP, platformName: XP, rotatable: false, setWindowRect: true, takesHeapSnapshot: true, takesScreenshot: true, unexpectedAlertBehaviour: , unhandledPromptBehavior: , version: 69.0.3497.100, webStorageEnabled: true}
Session ID: a9f9f550004882b48c5d0ea7ea4fdbf6
</system-out>
    <system-err>Starting ChromeDriver 2.38.552522 (437e6fbedfa8762dec75e2c5b3ddb86763dc9dcb) on port 33339
Only local connections are allowed.
Oct 05, 2018 12:38:01 PM org.openqa.selenium.remote.ProtocolHandshake createSession
INFO: Detected dialect: OSS
</system-err>
  </testcase>
  <testcase classname="com.crm.qa.testCases.ContactsPageTest" name="verifyCreateNewContactsTest" time="0">
    <skipped/>
  </testcase>
  <testcase classname="com.crm.qa.testCases.ContactsPageTest" name="tearDown" time="0.001">
    <skipped/>
  </testcase>
  <testcase classname="com.crm.qa.testCases.ContactsPageTest" name="setUp" time="0.001">
    <skipped/>
  </testcase>
  <testcase classname="com.crm.qa.testCases.ContactsPageTest" name="verifyCreateNewContactsTest" time="0">
    <skipped/>
  </testcase>
  <testcase classname="com.crm.qa.testCases.ContactsPageTest" name="tearDown" time="0">
    <skipped/>
  </testcase>
  <testcase classname="com.crm.qa.testCases.HomePageTest" name="verifyLoggedinUserNameTest" time="0.091"/>
  <testcase classname="com.crm.qa.testCases.LoginPageTest" name="CRMImageTest" time="0.062"/>
  <testcase classname="com.crm.qa.testCases.HomePageTest" name="verifyContactsLinkTest" time="1.188"/>
  <testcase classname="com.crm.qa.testCases.LoginPageTest" name="logInTest" time="5.137"/>
</testsuite>