<?xml version="1.0" encoding="UTF-8"?>
<!-- Generated by org.testng.reporters.JUnitXMLReporter -->
<testsuite hostname="egain1277" ignored="1" name="Free CRM Run Test Case" tests="9" failures="0" timestamp="05 Oct 2018 06:17:38 GMT" time="144.072" errors="0">
  <testcase name="loginPageTitleTest" time="0.016" classname="com.crm.qa.testCases.LoginPageTest"/>
  <testcase name="verifyHomePageTitleTest" time="0.015" classname="com.crm.qa.testCases.HomePageTest"/>
  <testcase name="CRMImageTest" time="0.043" classname="com.crm.qa.testCases.LoginPageTest"/>
  <testcase name="verifyLoggedinUserNameTest" time="0.108" classname="com.crm.qa.testCases.HomePageTest"/>
  <testcase name="verifyCreateNewContactsTest" time="5.908" classname="com.crm.qa.testCases.ContactsPageTest"/>
  <testcase name="verifyCreateNewContactsTest" time="5.614" classname="com.crm.qa.testCases.ContactsPageTest"/>
  <testcase name="verifyCreateNewContactsTest" time="5.875" classname="com.crm.qa.testCases.ContactsPageTest"/>
  <testcase name="logInTest" time="7.006" classname="com.crm.qa.testCases.LoginPageTest"/>
  <testcase name="verifyContactsLinkTest" time="1.213" classname="com.crm.qa.testCases.HomePageTest"/>
  <testcase name="verifyContactsLabelTest" time="0.0" classname="com.crm.qa.testCases.ContactsPageTest">
    <ignored/>
  </testcase> <!-- verifyContactsLabelTest -->
</testsuite> <!-- Free CRM Run Test Case -->
